  소스.cpp
d:\대학\2학년 2학기\게임툴프로그래밍\4주차\실습2\project4\project4\소스.cpp(35): warning C4996: 'scanf': This function or variable may be unsafe. Consider using scanf_s instead. To disable deprecation, use _CRT_SECURE_NO_WARNINGS. See online help for details.
  c:\program files (x86)\windows kits\10\include\10.0.18362.0\ucrt\stdio.h(1274): note: 'scanf' 선언을 참조하십시오.
d:\대학\2학년 2학기\게임툴프로그래밍\4주차\실습2\project4\project4\소스.cpp(37): warning C4996: 'scanf': This function or variable may be unsafe. Consider using scanf_s instead. To disable deprecation, use _CRT_SECURE_NO_WARNINGS. See online help for details.
  c:\program files (x86)\windows kits\10\include\10.0.18362.0\ucrt\stdio.h(1274): note: 'scanf' 선언을 참조하십시오.
d:\대학\2학년 2학기\게임툴프로그래밍\4주차\실습2\project4\project4\소스.cpp(39): warning C4996: 'scanf': This function or variable may be unsafe. Consider using scanf_s instead. To disable deprecation, use _CRT_SECURE_NO_WARNINGS. See online help for details.
  c:\program files (x86)\windows kits\10\include\10.0.18362.0\ucrt\stdio.h(1274): note: 'scanf' 선언을 참조하십시오.
d:\대학\2학년 2학기\게임툴프로그래밍\4주차\실습2\project4\project4\소스.cpp(41): warning C4996: 'scanf': This function or variable may be unsafe. Consider using scanf_s instead. To disable deprecation, use _CRT_SECURE_NO_WARNINGS. See online help for details.
  c:\program files (x86)\windows kits\10\include\10.0.18362.0\ucrt\stdio.h(1274): note: 'scanf' 선언을 참조하십시오.
d:\대학\2학년 2학기\게임툴프로그래밍\4주차\실습2\project4\project4\소스.cpp(47): warning C4996: 'scanf': This function or variable may be unsafe. Consider using scanf_s instead. To disable deprecation, use _CRT_SECURE_NO_WARNINGS. See online help for details.
  c:\program files (x86)\windows kits\10\include\10.0.18362.0\ucrt\stdio.h(1274): note: 'scanf' 선언을 참조하십시오.
d:\대학\2학년 2학기\게임툴프로그래밍\4주차\실습2\project4\project4\소스.cpp(81): warning C4326: 'main'의 반환 형식이 'int'이어야 하는데 'void'입니다.
d:\대학\2학년 2학기\게임툴프로그래밍\4주차\실습2\project4\project4\소스.cpp(111): warning C4996: 'scanf': This function or variable may be unsafe. Consider using scanf_s instead. To disable deprecation, use _CRT_SECURE_NO_WARNINGS. See online help for details.
  c:\program files (x86)\windows kits\10\include\10.0.18362.0\ucrt\stdio.h(1274): note: 'scanf' 선언을 참조하십시오.
d:\대학\2학년 2학기\게임툴프로그래밍\4주차\실습2\project4\project4\소스.cpp(143): warning C4996: 'scanf': This function or variable may be unsafe. Consider using scanf_s instead. To disable deprecation, use _CRT_SECURE_NO_WARNINGS. See online help for details.
  c:\program files (x86)\windows kits\10\include\10.0.18362.0\ucrt\stdio.h(1274): note: 'scanf' 선언을 참조하십시오.
d:\대학\2학년 2학기\게임툴프로그래밍\4주차\실습2\project4\project4\소스.cpp(149): warning C4996: 'scanf': This function or variable may be unsafe. Consider using scanf_s instead. To disable deprecation, use _CRT_SECURE_NO_WARNINGS. See online help for details.
  c:\program files (x86)\windows kits\10\include\10.0.18362.0\ucrt\stdio.h(1274): note: 'scanf' 선언을 참조하십시오.
d:\대학\2학년 2학기\게임툴프로그래밍\4주차\실습2\project4\project4\소스.cpp(157): warning C4996: 'scanf': This function or variable may be unsafe. Consider using scanf_s instead. To disable deprecation, use _CRT_SECURE_NO_WARNINGS. See online help for details.
  c:\program files (x86)\windows kits\10\include\10.0.18362.0\ucrt\stdio.h(1274): note: 'scanf' 선언을 참조하십시오.
d:\대학\2학년 2학기\게임툴프로그래밍\4주차\실습2\project4\project4\소스.cpp(180): warning C4996: 'fopen': This function or variable may be unsafe. Consider using fopen_s instead. To disable deprecation, use _CRT_SECURE_NO_WARNINGS. See online help for details.
  c:\program files (x86)\windows kits\10\include\10.0.18362.0\ucrt\stdio.h(208): note: 'fopen' 선언을 참조하십시오.
d:\대학\2학년 2학기\게임툴프로그래밍\4주차\실습2\project4\project4\소스.cpp(193): warning C4996: 'fopen': This function or variable may be unsafe. Consider using fopen_s instead. To disable deprecation, use _CRT_SECURE_NO_WARNINGS. See online help for details.
  c:\program files (x86)\windows kits\10\include\10.0.18362.0\ucrt\stdio.h(208): note: 'fopen' 선언을 참조하십시오.
d:\대학\2학년 2학기\게임툴프로그래밍\4주차\실습2\project4\project4\소스.cpp(198): warning C4996: 'fscanf': This function or variable may be unsafe. Consider using fscanf_s instead. To disable deprecation, use _CRT_SECURE_NO_WARNINGS. See online help for details.
  c:\program files (x86)\windows kits\10\include\10.0.18362.0\ucrt\stdio.h(1197): note: 'fscanf' 선언을 참조하십시오.
d:\대학\2학년 2학기\게임툴프로그래밍\4주차\실습2\project4\project4\소스.cpp(201): warning C4996: 'fscanf': This function or variable may be unsafe. Consider using fscanf_s instead. To disable deprecation, use _CRT_SECURE_NO_WARNINGS. See online help for details.
  c:\program files (x86)\windows kits\10\include\10.0.18362.0\ucrt\stdio.h(1197): note: 'fscanf' 선언을 참조하십시오.
d:\대학\2학년 2학기\게임툴프로그래밍\4주차\실습2\project4\project4\소스.cpp(203): warning C4996: 'fscanf': This function or variable may be unsafe. Consider using fscanf_s instead. To disable deprecation, use _CRT_SECURE_NO_WARNINGS. See online help for details.
  c:\program files (x86)\windows kits\10\include\10.0.18362.0\ucrt\stdio.h(1197): note: 'fscanf' 선언을 참조하십시오.
d:\대학\2학년 2학기\게임툴프로그래밍\4주차\실습2\project4\project4\소스.cpp(205): warning C4996: 'fscanf': This function or variable may be unsafe. Consider using fscanf_s instead. To disable deprecation, use _CRT_SECURE_NO_WARNINGS. See online help for details.
  c:\program files (x86)\windows kits\10\include\10.0.18362.0\ucrt\stdio.h(1197): note: 'fscanf' 선언을 참조하십시오.
d:\대학\2학년 2학기\게임툴프로그래밍\4주차\실습2\project4\project4\소스.cpp(207): warning C4996: 'fscanf': This function or variable may be unsafe. Consider using fscanf_s instead. To disable deprecation, use _CRT_SECURE_NO_WARNINGS. See online help for details.
  c:\program files (x86)\windows kits\10\include\10.0.18362.0\ucrt\stdio.h(1197): note: 'fscanf' 선언을 참조하십시오.
  Project4.vcxproj -> D:\대학\2학년 2학기\게임툴프로그래밍\4주차\실습2\Project4\Debug\Project4.exe
